✅ Connected to NATS at nats://localhost:4222
📡 Bridge active: Subscribed to iot.broadcast.telemetry
🚀 IoT Simulator running at http://localhost:4002
📡 Emitted: HC-IOT-001 -> 4.21°C
📡 Emitted: HC-IOT-002 -> 3.82°C
📡 Emitted: HC-IOT-005 -> 5.17°C
🔗 Bridging Telemetry: HC-IOT-001 -> 4.21°C
🔗 Bridging Telemetry: HC-IOT-002 -> 3.82°C
📡 Emitted: HC-IOT-001 -> 4.29°C
📡 Emitted: HC-IOT-002 -> 3.78°C
📡 Emitted: HC-IOT-005 -> 5.09°C
🔗 Bridging Telemetry: HC-IOT-001 -> 4.29°C
🔗 Bridging Telemetry: HC-IOT-002 -> 3.78°C
📡 Emitted: HC-IOT-001 -> 4.27°C
📡 Emitted: HC-IOT-002 -> 3.8°C
📡 Emitted: HC-IOT-005 -> 5.14°C
🔗 Bridging Telemetry: HC-IOT-001 -> 4.27°C
🔗 Bridging Telemetry: HC-IOT-002 -> 3.8°C
📡 Emitted: HC-IOT-001 -> 4.35°C
📡 Emitted: HC-IOT-002 -> 3.71°C
📡 Emitted: HC-IOT-005 -> 5.17°C
🔗 Bridging Telemetry: HC-IOT-001 -> 4.35°C
🔗 Bridging Telemetry: HC-IOT-002 -> 3.71°C
📡 Emitted: HC-IOT-001 -> 4.45°C
📡 Emitted: HC-IOT-002 -> 3.69°C
📡 Emitted: HC-IOT-005 -> 5.24°C
🔗 Bridging Telemetry: HC-IOT-001 -> 4.45°C
🔗 Bridging Telemetry: HC-IOT-002 -> 3.69°C
📡 Emitted: HC-IOT-001 -> 4.52°C
📡 Emitted: HC-IOT-002 -> 3.62°C
📡 Emitted: HC-IOT-005 -> 5.31°C
🔗 Bridging Telemetry: HC-IOT-001 -> 4.52°C
🔗 Bridging Telemetry: HC-IOT-002 -> 3.62°C
📡 Emitted: HC-IOT-001 -> 4.49°C
📡 Emitted: HC-IOT-002 -> 3.52°C
📡 Emitted: HC-IOT-005 -> 5.39°C
🔗 Bridging Telemetry: HC-IOT-001 -> 4.49°C
🔗 Bridging Telemetry: HC-IOT-002 -> 3.52°C
📡 Emitted: HC-IOT-001 -> 4.5°C
📡 Emitted: HC-IOT-002 -> 3.52°C
📡 Emitted: HC-IOT-005 -> 5.41°C
🔗 Bridging Telemetry: HC-IOT-001 -> 4.5°C
🔗 Bridging Telemetry: HC-IOT-002 -> 3.52°C
📡 Emitted: HC-IOT-001 -> 4.41°C
📡 Emitted: HC-IOT-002 -> 3.42°C
📡 Emitted: HC-IOT-005 -> 5.46°C
🔗 Bridging Telemetry: HC-IOT-001 -> 4.41°C
🔗 Bridging Telemetry: HC-IOT-002 -> 3.42°C
📡 Emitted: HC-IOT-001 -> 4.36°C
📡 Emitted: HC-IOT-002 -> 3.5°C
📡 Emitted: HC-IOT-005 -> 5.49°C
🔗 Bridging Telemetry: HC-IOT-001 -> 4.36°C
🔗 Bridging Telemetry: HC-IOT-002 -> 3.5°C
📡 Emitted: HC-IOT-001 -> 4.46°C
📡 Emitted: HC-IOT-002 -> 3.6°C
📡 Emitted: HC-IOT-005 -> 5.39°C
🔗 Bridging Telemetry: HC-IOT-001 -> 4.46°C
🔗 Bridging Telemetry: HC-IOT-002 -> 3.6°C
📡 Emitted: HC-IOT-001 -> 4.38°C
📡 Emitted: HC-IOT-002 -> 3.62°C
📡 Emitted: HC-IOT-005 -> 5.42°C
🔗 Bridging Telemetry: HC-IOT-001 -> 4.38°C
🔗 Bridging Telemetry: HC-IOT-002 -> 3.62°C
📡 Emitted: HC-IOT-001 -> 4.33°C
📡 Emitted: HC-IOT-002 -> 3.59°C
📡 Emitted: HC-IOT-005 -> 5.38°C
🔗 Bridging Telemetry: HC-IOT-001 -> 4.33°C
🔗 Bridging Telemetry: HC-IOT-002 -> 3.59°C
📡 Emitted: HC-IOT-001 -> 4.37°C
📡 Emitted: HC-IOT-002 -> 3.56°C
📡 Emitted: HC-IOT-005 -> 5.35°C
🔗 Bridging Telemetry: HC-IOT-001 -> 4.37°C
🔗 Bridging Telemetry: HC-IOT-002 -> 3.56°C
📡 Emitted: HC-IOT-001 -> 4.36°C
📡 Emitted: HC-IOT-002 -> 3.52°C
📡 Emitted: HC-IOT-005 -> 5.39°C
🔗 Bridging Telemetry: HC-IOT-001 -> 4.36°C
🔗 Bridging Telemetry: HC-IOT-002 -> 3.52°C
📡 Emitted: HC-IOT-001 -> 4.27°C
📡 Emitted: HC-IOT-002 -> 3.61°C
📡 Emitted: HC-IOT-005 -> 5.29°C
🔗 Bridging Telemetry: HC-IOT-001 -> 4.27°C
🔗 Bridging Telemetry: HC-IOT-002 -> 3.61°C
📡 Emitted: HC-IOT-001 -> 4.35°C
📡 Emitted: HC-IOT-002 -> 3.57°C
📡 Emitted: HC-IOT-005 -> 5.37°C
🔗 Bridging Telemetry: HC-IOT-001 -> 4.35°C
🔗 Bridging Telemetry: HC-IOT-002 -> 3.57°C
📡 Emitted: HC-IOT-001 -> 4.26°C
📡 Emitted: HC-IOT-002 -> 3.65°C
📡 Emitted: HC-IOT-005 -> 5.36°C
🔗 Bridging Telemetry: HC-IOT-001 -> 4.26°C
🔗 Bridging Telemetry: HC-IOT-002 -> 3.65°C
📡 Emitted: HC-IOT-001 -> 4.28°C
📡 Emitted: HC-IOT-002 -> 3.66°C
📡 Emitted: HC-IOT-005 -> 5.27°C
🔗 Bridging Telemetry: HC-IOT-001 -> 4.28°C
🔗 Bridging Telemetry: HC-IOT-002 -> 3.66°C
📡 Emitted: HC-IOT-001 -> 4.36°C
📡 Emitted: HC-IOT-002 -> 3.63°C
📡 Emitted: HC-IOT-005 -> 5.32°C
🔗 Bridging Telemetry: HC-IOT-001 -> 4.36°C
🔗 Bridging Telemetry: HC-IOT-002 -> 3.63°C
📡 Emitted: HC-IOT-001 -> 4.33°C
📡 Emitted: HC-IOT-002 -> 3.68°C
📡 Emitted: HC-IOT-005 -> 5.4°C
🔗 Bridging Telemetry: HC-IOT-001 -> 4.33°C
🔗 Bridging Telemetry: HC-IOT-002 -> 3.68°C
📡 Emitted: HC-IOT-001 -> 4.43°C
📡 Emitted: HC-IOT-002 -> 3.78°C
📡 Emitted: HC-IOT-005 -> 5.39°C
🔗 Bridging Telemetry: HC-IOT-001 -> 4.43°C
🔗 Bridging Telemetry: HC-IOT-002 -> 3.78°C
📡 Emitted: HC-IOT-001 -> 4.48°C
📡 Emitted: HC-IOT-002 -> 3.84°C
📡 Emitted: HC-IOT-005 -> 5.33°C
🔗 Bridging Telemetry: HC-IOT-001 -> 4.48°C
🔗 Bridging Telemetry: HC-IOT-002 -> 3.84°C
📡 Emitted: HC-IOT-001 -> 4.46°C
📡 Emitted: HC-IOT-002 -> 3.9°C
📡 Emitted: HC-IOT-005 -> 5.41°C
🔗 Bridging Telemetry: HC-IOT-001 -> 4.46°C
🔗 Bridging Telemetry: HC-IOT-002 -> 3.9°C
📡 Emitted: HC-IOT-001 -> 4.44°C
📡 Emitted: HC-IOT-002 -> 3.8°C
📡 Emitted: HC-IOT-005 -> 5.39°C
🔗 Bridging Telemetry: HC-IOT-001 -> 4.44°C
🔗 Bridging Telemetry: HC-IOT-002 -> 3.8°C
📡 Emitted: HC-IOT-001 -> 4.54°C
📡 Emitted: HC-IOT-002 -> 3.77°C
📡 Emitted: HC-IOT-005 -> 5.41°C
🔗 Bridging Telemetry: HC-IOT-001 -> 4.54°C
🔗 Bridging Telemetry: HC-IOT-002 -> 3.77°C
📡 Emitted: HC-IOT-001 -> 4.6°C
📡 Emitted: HC-IOT-002 -> 3.72°C
📡 Emitted: HC-IOT-005 -> 5.32°C
🔗 Bridging Telemetry: HC-IOT-001 -> 4.6°C
🔗 Bridging Telemetry: HC-IOT-002 -> 3.72°C
📡 Emitted: HC-IOT-001 -> 4.59°C
📡 Emitted: HC-IOT-002 -> 3.7°C
📡 Emitted: HC-IOT-005 -> 5.27°C
🔗 Bridging Telemetry: HC-IOT-001 -> 4.59°C
🔗 Bridging Telemetry: HC-IOT-002 -> 3.7°C
📡 Emitted: HC-IOT-001 -> 4.56°C
📡 Emitted: HC-IOT-002 -> 3.61°C
📡 Emitted: HC-IOT-005 -> 5.36°C
🔗 Bridging Telemetry: HC-IOT-001 -> 4.56°C
🔗 Bridging Telemetry: HC-IOT-002 -> 3.61°C
